  BulletObject.cpp
C:\VisualStudioProjects\SDL2Game\CommonFunc.h(7,10): fatal  error C1083: Cannot open include file: 'SDL.h': No such file or directory
  CommonFunc.cpp
C:\VisualStudioProjects\SDL2Game\CommonFunc.h(7,10): fatal  error C1083: Cannot open include file: 'SDL.h': No such file or directory
  ExplosionObject.cpp
C:\VisualStudioProjects\SDL2Game\CommonFunc.h(7,10): fatal  error C1083: Cannot open include file: 'SDL.h': No such file or directory
  game_map.cpp
C:\VisualStudioProjects\SDL2Game\CommonFunc.h(7,10): fatal  error C1083: Cannot open include file: 'SDL.h': No such file or directory
  Geometric.cpp
C:\VisualStudioProjects\SDL2Game\CommonFunc.h(7,10): fatal  error C1083: Cannot open include file: 'SDL.h': No such file or directory
  ImpTimer.cpp
C:\VisualStudioProjects\SDL2Game\CommonFunc.h(7,10): fatal  error C1083: Cannot open include file: 'SDL.h': No such file or directory
  main.cpp
C:\VisualStudioProjects\SDL2Game\CommonFunc.h(7,10): fatal  error C1083: Cannot open include file: 'SDL.h': No such file or directory
  BaseObject.cpp
C:\VisualStudioProjects\SDL2Game\CommonFunc.h(7,10): fatal  error C1083: Cannot open include file: 'SDL.h': No such file or directory
  MainObject.cpp
C:\VisualStudioProjects\SDL2Game\CommonFunc.h(7,10): fatal  error C1083: Cannot open include file: 'SDL.h': No such file or directory
  PlayerPower.cpp
C:\VisualStudioProjects\SDL2Game\CommonFunc.h(7,10): fatal  error C1083: Cannot open include file: 'SDL.h': No such file or directory
  TextObject.cpp
C:\VisualStudioProjects\SDL2Game\CommonFunc.h(7,10): fatal  error C1083: Cannot open include file: 'SDL.h': No such file or directory
  ThreatsObject.cpp
C:\VisualStudioProjects\SDL2Game\CommonFunc.h(7,10): fatal  error C1083: Cannot open include file: 'SDL.h': No such file or directory
